<?xml version="1.0" encoding="UTF-8"?>
<!-- Generated by org.testng.reporters.JUnitReportReporter -->
<testsuite hostname="DESKTOP-KIS4N2E" failures="0" tests="3" name="testNGxmlStudy.Test123" time="0.009" errors="0" timestamp="2022-03-22T09:52:06 IST" skipped="0">
  <testcase classname="testNGxmlStudy.Test123" name="TC6" time="0.001"/>
  <system-out>
    <![CDATA[Running TC6]]>
  </system-out>
  <testcase classname="testNGxmlStudy.Test123" name="TC10" time="0.007"/>
  <system-out>
    <![CDATA[Running TC10]]>
  </system-out>
  <testcase classname="testNGxmlStudy.Test123" name="TC9" time="0.001"/>
  <system-out>
    <![CDATA[Running TC9]]>
  </system-out>
</testsuite> <!-- testNGxmlStudy.Test123 -->
