<?xml version="1.0" encoding="UTF-8"?>
<!-- Generated by org.testng.reporters.JUnitReportReporter -->
<testsuite hostname="DESKTOP-KIS4N2E" failures="0" tests="5" name="testNGKeyWords.PriorityStudy" time="0.013" errors="0" timestamp="2022-03-22T09:59:54 IST" skipped="0">
  <testcase classname="testNGKeyWords.PriorityStudy" name="b" time="0.001"/>
  <system-out>
    <![CDATA[Running B method]]>
  </system-out>
  <testcase classname="testNGKeyWords.PriorityStudy" name="b" time="0.009"/>
  <system-out>
    <![CDATA[Running B method]]>
  </system-out>
  <testcase classname="testNGKeyWords.PriorityStudy" name="b" time="0.001"/>
  <system-out>
    <![CDATA[Running B method]]>
  </system-out>
  <testcase classname="testNGKeyWords.PriorityStudy" name="c" time="0.001"/>
  <system-out>
    <![CDATA[Running C method]]>
  </system-out>
  <testcase classname="testNGKeyWords.PriorityStudy" name="a" time="0.001"/>
  <system-out>
    <![CDATA[Running A method]]>
  </system-out>
</testsuite> <!-- testNGKeyWords.PriorityStudy -->
