<?xml version="1.0" encoding="UTF-8"?>
<!-- Generated by org.testng.reporters.JUnitReportReporter -->
<testsuite hostname="DESKTOP-KIS4N2E" failures="0" tests="4" name="testNGStudy.MyClass" time="16.112" errors="0" timestamp="2022-03-18T09:31:33 IST" skipped="0">
  <testcase classname="testNGStudy.MyClass" name="MyMethod2" time="2.864"/>
  <system-out/>
  <testcase classname="testNGStudy.MyClass" name="MyMethod3" time="2.992"/>
  <system-out/>
  <testcase classname="testNGStudy.MyClass" name="MyMethod4" time="3.014"/>
  <system-out/>
  <testcase classname="testNGStudy.MyClass" name="MyMethod1" time="7.242"/>
  <system-out/>
</testsuite> <!-- testNGStudy.MyClass -->
