<?xml version="1.0" encoding="UTF-8"?>
<!-- Generated by org.testng.reporters.JUnitReportReporter -->
<testsuite hostname="DESKTOP-KIS4N2E" failures="0" tests="3" name="testNGStudy.TimeOutStudy" time="2.029" errors="0" timestamp="2022-03-21T10:50:21 IST" skipped="0">
  <testcase classname="testNGStudy.TimeOutStudy" name="a" time="0.007"/>
  <system-out>
    <![CDATA[Running A method]]>
  </system-out>
  <testcase classname="testNGStudy.TimeOutStudy" name="b" time="0.001"/>
  <system-out>
    <![CDATA[Running B method]]>
  </system-out>
  <testcase classname="testNGStudy.TimeOutStudy" name="c" time="2.021"/>
  <system-out>
    <![CDATA[Running C method]]>
  </system-out>
</testsuite> <!-- testNGStudy.TimeOutStudy -->
