<?xml version="1.0" encoding="UTF-8"?>
<!-- Generated by org.testng.reporters.JUnitReportReporter -->
<testsuite hostname="DESKTOP-KIS4N2E" failures="0" tests="2" name="KitePOMTestNG.KiteTestUsingTestNG" time="5.594" errors="0" timestamp="2022-03-25T10:44:12 IST" skipped="0">
  <testcase classname="KitePOMTestNG.KiteTestUsingTestNG" name="validateUserID" time="2.705"/>
  <system-out>
    <![CDATA[validating userID
User ID validated suceesfully, TC is passed]]>
  </system-out>
  <testcase classname="KitePOMTestNG.KiteTestUsingTestNG" name="validateUserID" time="2.889"/>
  <system-out>
    <![CDATA[validating userID
User ID validated suceesfully, TC is passed]]>
  </system-out>
</testsuite> <!-- KitePOMTestNG.KiteTestUsingTestNG -->
