<?xml version="1.0" encoding="UTF-8"?>
<!-- Generated by org.testng.reporters.JUnitReportReporter -->
<testsuite hostname="DESKTOP-KIS4N2E" failures="0" tests="2" name="CrossBrowserTest.CT1" time="22.535" errors="0" timestamp="2022-03-24T10:38:14 IST" skipped="0">
  <testcase classname="CrossBrowserTest.CT1" name="CrossBrowser" time="13.077"/>
  <system-out/>
  <testcase classname="CrossBrowserTest.CT1" name="CrossBrowser" time="9.458"/>
  <system-out/>
</testsuite> <!-- CrossBrowserTest.CT1 -->
