<?xml version="1.0" encoding="UTF-8"?>
<!-- Generated by org.testng.reporters.JUnitReportReporter -->
<testsuite hostname="DESKTOP-KIS4N2E" failures="0" tests="3" name="groupingInTestNG.TestGroup2" time="0.009" errors="0" timestamp="2022-03-22T18:36:43 IST" skipped="0">
  <testcase classname="groupingInTestNG.TestGroup2" name="TC2" time="0.006"/>
  <system-out>
    <![CDATA[Running TC2]]>
  </system-out>
  <testcase classname="groupingInTestNG.TestGroup2" name="TC5" time="0.001"/>
  <system-out>
    <![CDATA[Running TC5]]>
  </system-out>
  <testcase classname="groupingInTestNG.TestGroup2" name="TC3" time="0.002"/>
  <system-out>
    <![CDATA[Running TC3]]>
  </system-out>
</testsuite> <!-- groupingInTestNG.TestGroup2 -->
