<?xml version="1.0" encoding="UTF-8"?>
<!-- Generated by org.testng.reporters.JUnitReportReporter -->
<testsuite hostname="DESKTOP-KIS4N2E" failures="0" tests="1" name="SerailAndParallel.SerailAndParallel3" time="9.465" errors="0" timestamp="2022-03-23T09:49:14 IST" skipped="0">
  <testcase classname="SerailAndParallel.SerailAndParallel3" name="MyMethod1" time="9.465"/>
  <system-out/>
</testsuite> <!-- SerailAndParallel.SerailAndParallel3 -->
