<?xml version="1.0" encoding="UTF-8"?>
<!-- Generated by org.testng.reporters.JUnitReportReporter -->
<testsuite hostname="DESKTOP-KIS4N2E" failures="0" tests="1" name="testNGStudy.FireFoxTest" time="8.843" errors="0" timestamp="2022-03-24T10:13:59 IST" skipped="0">
  <testcase classname="testNGStudy.FireFoxTest" name="MyMethod1" time="8.843"/>
  <system-out/>
</testsuite> <!-- testNGStudy.FireFoxTest -->
