<?xml version="1.0" encoding="UTF-8"?>
<!-- Generated by org.testng.reporters.JUnitReportReporter -->
<testsuite hostname="DESKTOP-KIS4N2E" failures="0" tests="2" name="testNGStudy.MyTest" time="0.010" errors="0" timestamp="2022-03-18T10:00:54 IST" skipped="0">
  <testcase classname="testNGStudy.MyTest" name="MyMethod1" time="0.010"/>
  <system-out/>
  <testcase classname="testNGStudy.MyTest" name="MyMethod2" time="0.000"/>
  <system-out>
    <![CDATA[Welcome to Test NG2]]>
  </system-out>
</testsuite> <!-- testNGStudy.MyTest -->
