<?xml version="1.0" encoding="UTF-8"?>
<!-- Generated by org.testng.reporters.JUnitReportReporter -->
<testsuite hostname="DESKTOP-KIS4N2E" failures="0" tests="1" name="assertsInTestNG.Test2" time="3.117" errors="0" timestamp="2022-03-23T10:05:28 IST" skipped="0">
  <testcase classname="assertsInTestNG.Test2" name="testing" time="3.117"/>
  <system-out/>
</testsuite> <!-- assertsInTestNG.Test2 -->
