<?xml version="1.0" encoding="UTF-8"?>
<!-- Generated by org.testng.reporters.JUnitReportReporter -->
<testsuite hostname="DESKTOP-KIS4N2E" failures="0" tests="1" name="KiteAppTestClasses.KiteAppUserIDErrorMsgValidation" time="0.884" errors="0" timestamp="2022-03-29T11:00:37 IST" skipped="0">
  <testcase classname="KiteAppTestClasses.KiteAppUserIDErrorMsgValidation" name="validateUserIDerrorMsg" time="0.884"/>
  <system-out>
    <![CDATA[screenshot taken for TC 555]]>
  </system-out>
</testsuite> <!-- KiteAppTestClasses.KiteAppUserIDErrorMsgValidation -->
