<?xml version="1.0" encoding="UTF-8"?>
<!-- Generated by org.testng.reporters.JUnitReportReporter -->
<testsuite hostname="DESKTOP-KIS4N2E" failures="0" tests="2" name="testNGxmlStudy.MyClass" time="0.000" errors="0" timestamp="2022-03-22T09:52:06 IST" skipped="0">
  <testcase classname="testNGxmlStudy.MyClass" name="TC3" time="0.000"/>
  <system-out>
    <![CDATA[Running TC3]]>
  </system-out>
  <testcase classname="testNGxmlStudy.MyClass" name="TC4" time="0.000"/>
  <system-out>
    <![CDATA[Running TC4]]>
  </system-out>
</testsuite> <!-- testNGxmlStudy.MyClass -->
