<?xml version="1.0" encoding="UTF-8"?>
<!-- Generated by org.testng.reporters.JUnitReportReporter -->
<testsuite hostname="DESKTOP-KIS4N2E" failures="0" tests="3" name="testNGKeyWords.InvocationCountStudy" time="0.010" errors="0" timestamp="2022-03-21T10:23:19 IST" skipped="0">
  <testcase classname="testNGKeyWords.InvocationCountStudy" name="a" time="0.002"/>
  <system-out>
    <![CDATA[Running A method]]>
  </system-out>
  <testcase classname="testNGKeyWords.InvocationCountStudy" name="a" time="0.001"/>
  <system-out>
    <![CDATA[Running A method]]>
  </system-out>
  <testcase classname="testNGKeyWords.InvocationCountStudy" name="a" time="0.007"/>
  <system-out>
    <![CDATA[Running A method]]>
  </system-out>
</testsuite> <!-- testNGKeyWords.InvocationCountStudy -->
