<?xml version="1.0" encoding="UTF-8"?>
<!-- Generated by org.testng.reporters.JUnitReportReporter -->
<testsuite hostname="DESKTOP-KIS4N2E" failures="0" tests="1" name="groupingInTestNG.TestGroup1" time="0.001" errors="0" timestamp="2022-03-22T18:36:43 IST" skipped="0">
  <testcase classname="groupingInTestNG.TestGroup1" name="TC10" time="0.001"/>
  <system-out>
    <![CDATA[Running TC10]]>
  </system-out>
</testsuite> <!-- groupingInTestNG.TestGroup1 -->
