<?xml version="1.0" encoding="UTF-8"?>
<!-- Generated by org.testng.reporters.JUnitReportReporter -->
<testsuite hostname="DESKTOP-KIS4N2E" failures="0" tests="2" name="testNGStudy.AnnotationStudy" time="0.006" errors="0" timestamp="2022-03-21T09:55:28 IST" skipped="0">
  <testcase classname="testNGStudy.AnnotationStudy" name="sampleTest" time="0.002"/>
  <system-out>
    <![CDATA[Running Sample test]]>
  </system-out>
  <testcase classname="testNGStudy.AnnotationStudy" name="ValidateUserID" time="0.004"/>
  <system-out>
    <![CDATA[Running test]]>
  </system-out>
</testsuite> <!-- testNGStudy.AnnotationStudy -->
