<?xml version="1.0" encoding="UTF-8"?>
<!-- Generated by org.testng.reporters.JUnitReportReporter -->
<testsuite hostname="DESKTOP-KIS4N2E" failures="0" tests="3" name="testNGStudy.AnnotationStudy1" time="0.008" errors="0" timestamp="2022-03-21T10:07:11 IST" skipped="0">
  <testcase classname="testNGStudy.AnnotationStudy1" name="b" time="0.001"/>
  <system-out>
    <![CDATA[Running B method]]>
  </system-out>
  <testcase classname="testNGStudy.AnnotationStudy1" name="a" time="0.005"/>
  <system-out>
    <![CDATA[Running A method]]>
  </system-out>
  <testcase classname="testNGStudy.AnnotationStudy1" name="c" time="0.002"/>
  <system-out>
    <![CDATA[Running C method]]>
  </system-out>
</testsuite> <!-- testNGStudy.AnnotationStudy1 -->
